<?xml version="1.0" encoding="utf-8"?><testsuites name="pytest tests"><testsuite name="pytest" errors="0" failures="0" skipped="0" tests="21" time="32.992" timestamp="2026-09-10T15:53:32.545091+00:00" hostname="agent-env-31de80c1-2f6c-4b8d-b1c4-e2d22cbb2547"><testcase classname="tests.test_course_and_ai.TestAISettings" name="test_default_state_no_groq" time="0.789" /><testcase classname="tests.test_course_and_ai.TestAISettings" name="test_save_key_configures_groq" time="0.427" /><testcase classname="tests.test_course_and_ai.TestAISettings" name="test_remove_key_reverts_default" time="0.172" /><testcase classname="tests.test_course_and_ai.TestAISettings" name="test_non_admin_forbidden" time="1.492" /><testcase classname="tests.test_course_and_ai.TestRep" name="test_admin_sets_rep" time="4.185" /><testcase classname="tests.test_course_and_ai.TestRep" name="test_rep_becomes_captain" time="0.191" /><testcase classname="tests.test_course_and_ai.TestRep" name="test_member_cannot_set_rep" time="0.137" /><testcase classname="tests.test_course_and_ai.TestCourseAccess" name="test_participant_can_get" time="2.138" /><testcase classname="tests.test_course_and_ai.TestCourseAccess" name="test_admin_can_manage" time="0.251" /><testcase classname="tests.test_course_and_ai.TestRep" name="test_rep_must_be_signed_up" time="1.312" /><testcase classname="tests.test_course_and_ai.TestRep" name="test_admin_removes_rep" time="0.687" /><testcase classname="tests.test_course_and_ai.TestCourseAccess" name="test_outsider_forbidden" time="1.723" /><testcase classname="tests.test_course_and_ai.TestTeams" name="test_create_and_delete_team" time="1.328" /><testcase classname="tests.test_course_and_ai.TestPolls" name="test_create_vote_change_delete" time="1.746" /><testcase classname="tests.test_course_and_ai.TestTeams" name="test_team_capacity_limit" time="0.812" /><testcase classname="tests.test_course_and_ai.TestTeams" name="test_non_manager_cannot_create_team" time="0.167" /><testcase classname="tests.test_course_and_ai.TestPolls" name="test_outsider_cannot_vote" time="0.761" /><testcase classname="tests.test_course_and_ai.TestRegressionAI" name="test_flashcards_default_gemini" time="8.278" /><testcase classname="tests.test_course_and_ai.TestCourseChat" name="test_participant_sends_and_reads" time="0.328" /><testcase classname="tests.test_course_and_ai.TestCourseChat" name="test_empty_rejected" time="0.306" /><testcase classname="tests.test_course_and_ai.TestRegressionAI" name="test_chat_public_still_works" time="15.355" /></testsuite></testsuites>