<?xml version="1.0" encoding="utf-8"?><testsuites name="pytest tests"><testsuite name="pytest" errors="0" failures="0" skipped="0" tests="26" time="12.608" timestamp="2026-09-13T11:01:09.348534+00:00" hostname="agent-env-31de80c1-2f6c-4b8d-b1c4-e2d22cbb2547"><testcase classname="tests.test_new_features.TestOrario" name="test_admin_save_definitivo" time="0.715" /><testcase classname="tests.test_new_features.TestOrario" name="test_prof_save_settimana_with_label" time="0.845" /><testcase classname="tests.test_new_features.TestOrario" name="test_invalid_type_rejected" time="0.142" /><testcase classname="tests.test_new_features.TestOrario" name="test_admin_get_all_grids" time="0.160" /><testcase classname="tests.test_new_features.TestOrario" name="test_set_active_orario" time="0.297" /><testcase classname="tests.test_new_features.TestDirectMessages" name="test_staff_sees_all_students" time="3.559" /><testcase classname="tests.test_new_features.TestOrario" name="test_public_orario_returns_active" time="1.504" /><testcase classname="tests.test_new_features.TestDirectMessages" name="test_prof_sends_to_student" time="0.133" /><testcase classname="tests.test_new_features.TestDirectMessages" name="test_student_sees_prof_in_contacts_after_dm" time="0.422" /><testcase classname="tests.test_new_features.TestDirectMessages" name="test_student_replies_to_prof" time="0.579" /><testcase classname="tests.test_new_features.TestOrario" name="test_personal_override" time="1.233" /><testcase classname="tests.test_new_features.TestDirectMessages" name="test_thread_messages_retrieved" time="0.153" /><testcase classname="tests.test_new_features.TestDirectMessages" name="test_student_to_student_forbidden" time="0.234" /><testcase classname="tests.test_new_features.TestOrario" name="test_personal_clear" time="0.249" /><testcase classname="tests.test_new_features.TestDirectMessages" name="test_staff_to_staff_forbidden" time="0.233" /><testcase classname="tests.test_new_features.TestGoogleAI" name="test_default_no_google_key" time="0.224" /><testcase classname="tests.test_new_features.TestDirectMessages" name="test_empty_message_rejected" time="0.139" /><testcase classname="tests.test_new_features.TestGoogleAI" name="test_save_google_key" time="0.245" /><testcase classname="tests.test_new_features.TestDirectMessages" name="test_dm_unknown_user" time="0.109" /><testcase classname="tests.test_new_features.TestProfessorePermissions" name="test_prof_can_list_users" time="0.113" /><testcase classname="tests.test_new_features.TestGoogleAI" name="test_remove_google_key" time="0.137" /><testcase classname="tests.test_new_features.TestProfessorePermissions" name="test_prof_can_manage_orario" time="0.124" /><testcase classname="tests.test_new_features.TestGoogleAI" name="test_prof_can_access_ai_settings" time="0.112" /><testcase classname="tests.test_new_features.TestProfessorePermissions" name="test_student_admin_endpoints_forbidden" time="0.342" /><testcase classname="tests.test_new_features.TestGoogleAI" name="test_student_forbidden" time="0.111" /><testcase classname="tests.test_new_features.TestRegressionAI" name="test_flashcards_default" time="5.933" /></testsuite></testsuites>