<?xml version="1.0" encoding="utf-8"?><testsuites name="pytest tests"><testsuite name="pytest" errors="0" failures="0" skipped="0" tests="27" time="51.625" timestamp="2026-09-17T13:58:06.114224+00:00" hostname="agent-env-31de80c1-2f6c-4b8d-b1c4-e2d22cbb2547"><testcase classname="tests.test_postgres_migration.TestAuth" name="test_admin_login" time="2.359" /><testcase classname="tests.test_postgres_migration.TestAuth" name="test_prof_login" time="0.818" /><testcase classname="tests.test_postgres_migration.TestAuth" name="test_me" time="0.575" /><testcase classname="tests.test_postgres_migration.TestAuth" name="test_wrong_password" time="0.750" /><testcase classname="tests.test_postgres_migration.TestAuth" name="test_register_pending_flow" time="5.207" /><testcase classname="tests.test_postgres_migration.TestCourse" name="test_get_course" time="9.323" /><testcase classname="tests.test_postgres_migration.TestCourse" name="test_team_with_member_position" time="8.789" /><testcase classname="tests.test_postgres_migration.TestAdminUsers" name="test_list_users" time="0.852" /><testcase classname="tests.test_postgres_migration.TestAdminUsers" name="test_role_change_and_ban" time="9.399" /><testcase classname="tests.test_postgres_migration.TestCourse" name="test_poll_and_vote" time="6.183" /><testcase classname="tests.test_postgres_migration.TestAdminUsers" name="test_student_cannot_admin" time="1.199" /><testcase classname="tests.test_postgres_migration.TestDM" name="test_staff_to_staff_blocked" time="0.805" /><testcase classname="tests.test_postgres_migration.TestDM" name="test_staff_to_student_ok" time="2.915" /><testcase classname="tests.test_postgres_migration.TestCourse" name="test_course_chat" time="3.420" /><testcase classname="tests.test_postgres_migration.TestDM" name="test_contacts_student_sees_only_writers" time="3.173" /><testcase classname="tests.test_postgres_migration.TestOrario" name="test_get_orario" time="1.480" /><testcase classname="tests.test_postgres_migration.TestChat" name="test_post_and_censor" time="1.620" /><testcase classname="tests.test_postgres_migration.TestOrario" name="test_admin_orario_save_and_activate" time="3.266" /><testcase classname="tests.test_postgres_migration.TestChat" name="test_list" time="0.811" /><testcase classname="tests.test_postgres_migration.TestMisc" name="test_reminder_crud" time="2.824" /><testcase classname="tests.test_postgres_migration.TestOrario" name="test_personal_override" time="2.529" /><testcase classname="tests.test_postgres_migration.TestMisc" name="test_interrogazione" time="2.583" /><testcase classname="tests.test_postgres_migration.TestEvents" name="test_create_and_signup" time="6.754" /><testcase classname="tests.test_postgres_migration.TestNews" name="test_create_list_delete" time="2.399" /><testcase classname="tests.test_postgres_migration.TestAISettings" name="test_get" time="0.481" /><testcase classname="tests.test_postgres_migration.TestActions" name="test_send_and_antispam" time="8.390" /><testcase classname="tests.test_postgres_migration.TestStudy" name="test_upload_text" time="0.823" /></testsuite></testsuites>