<?xml version="1.0" encoding="utf-8"?><testsuites name="pytest tests"><testsuite name="pytest" errors="0" failures="0" skipped="0" tests="27" time="29.369" timestamp="2026-07-13T10:12:39.431752+00:00" hostname="agent-env-31de80c1-2f6c-4b8d-b1c4-e2d22cbb2547"><testcase classname="tests.backend_test.TestAuth" name="test_root" time="0.196" /><testcase classname="tests.backend_test.TestEvents" name="test_admin_create_event" time="0.720" /><testcase classname="tests.backend_test.TestAuth" name="test_admin_login_success" time="0.520" /><testcase classname="tests.backend_test.TestAuth" name="test_admin_me" time="0.095" /><testcase classname="tests.backend_test.TestAuth" name="test_wrong_password" time="0.499" /><testcase classname="tests.backend_test.TestAuth" name="test_register_and_pending_blocks_login" time="1.011" /><testcase classname="tests.backend_test.TestAuth" name="test_duplicate_email" time="0.639" /><testcase classname="tests.backend_test.TestAdmin" name="test_list_users_admin" time="0.131" /><testcase classname="tests.backend_test.TestEvents" name="test_event_appears_in_list" time="2.347" /><testcase classname="tests.backend_test.TestEvents" name="test_member_signup" time="0.097" /><testcase classname="tests.backend_test.TestEvents" name="test_signup_persisted" time="0.251" /><testcase classname="tests.backend_test.TestEvents" name="test_member_cannot_create_event" time="0.107" /><testcase classname="tests.backend_test.TestEvents" name="test_authorized_member_can_create" time="0.697" /><testcase classname="tests.backend_test.TestEvents" name="test_delete_event" time="0.419" /><testcase classname="tests.backend_test.TestAdmin" name="test_non_admin_cannot_list" time="1.640" /><testcase classname="tests.backend_test.TestAdmin" name="test_authorize_events_toggle" time="0.757" /><testcase classname="tests.backend_test.TestActions" name="test_send_action" time="1.832" /><testcase classname="tests.backend_test.TestActions" name="test_antispam_429" time="0.096" /><testcase classname="tests.backend_test.TestActions" name="test_inbox_receives" time="0.361" /><testcase classname="tests.backend_test.TestAdmin" name="test_role_change" time="1.665" /><testcase classname="tests.backend_test.TestActions" name="test_invalid_action_type" time="5.122" /><testcase classname="tests.backend_test.TestChat" name="test_post_and_get_message" time="0.194" /><testcase classname="tests.backend_test.TestChat" name="test_bad_word_censored" time="0.094" /><testcase classname="tests.backend_test.TestChat" name="test_empty_message" time="0.091" /><testcase classname="tests.backend_test.TestPush" name="test_vapid_public" time="0.100" /><testcase classname="tests.backend_test.TestStudy" name="test_flashcards_from_topic" time="7.781" /><testcase classname="tests.backend_test.TestStudy" name="test_study_chat" time="9.068" /></testsuite></testsuites>