<?xml version="1.0" encoding="utf-8"?><testsuites name="pytest tests"><testsuite name="pytest" errors="1" failures="0" skipped="0" tests="17" time="24.504" timestamp="2026-09-17T14:16:54.743853+00:00" hostname="agent-env-31de80c1-2f6c-4b8d-b1c4-e2d22cbb2547"><testcase classname="tests.test_upload_limits_and_branding.TestBrandingLogo" name="test_branding_public_no_auth" time="1.510" /><testcase classname="tests.test_upload_limits_and_branding.TestStudyUploadValidation" name="test_reject_bad_extension" time="1.637" /><testcase classname="tests.test_upload_limits_and_branding.TestStudyUploadValidation" name="test_reject_oversized" time="1.554" /><testcase classname="tests.test_upload_limits_and_branding.TestBrandingLogo" name="test_delete_logo_admin_reset" time="2.371" /><testcase classname="tests.test_upload_limits_and_branding.TestStudyUploadValidation" name="test_accept_txt" time="1.616" /><testcase classname="tests.test_upload_limits_and_branding.TestBrandingLogo" name="test_student_forbidden_logo_upload" time="1.158" /><testcase classname="tests.test_upload_limits_and_branding.TestStudyUploadValidation" name="test_accept_pdf" time="0.848" /><testcase classname="tests.test_upload_limits_and_branding.TestBrandingLogo" name="test_logo_reject_bad_ext" time="0.471" /><testcase classname="tests.test_upload_limits_and_branding.TestBrandingLogo" name="test_logo_reject_oversized" time="0.842" /><testcase classname="tests.test_upload_limits_and_branding.TestNewsUploadValidation" name="test_student_forbidden" time="0.462" /><testcase classname="tests.test_upload_limits_and_branding.TestBrandingLogo" name="test_logo_upload_and_fetch_flow" time="3.550" /><testcase classname="tests.test_upload_limits_and_branding.TestNewsUploadValidation" name="test_reject_bad_ext" time="1.490" /><testcase classname="tests.test_upload_limits_and_branding.TestNewsUploadValidation" name="test_reject_oversized" time="1.276" /><testcase classname="tests.test_upload_limits_and_branding.TestNewsUploadValidation" name="test_accept_valid_png" time="1.220" /><testcase classname="tests.test_upload_limits_and_branding.TestStudyFilePersistence" name="test_uploaded_file_usable_for_flashcards" time="13.672" /><testcase classname="tests.test_upload_limits_and_branding.TestBrandingLogo" name="test_prof_can_upload_logo" time="2.428" /><testcase classname="tests.test_upload_limits_and_branding.TestUploadRateLimit" name="test_rate_limit_study_then_news_ok" time="2.323"><error message="failed on setup with &quot;StopIteration&quot;">backend/tests/test_upload_limits_and_branding.py:65: in fresh_student
    uid = next(u["id"] for u in users if u["email"] == email)
          ^^^^^^^^^^^^^^^^^^^^^^^^^^^^^^^^^^^^^^^^^^^^^^^^^^^
E   StopIteration</error></testcase></testsuite></testsuites>